00:04:04  DEBUG     threatmap.env  [env] nmap             found: /usr/bin/nmap
00:04:04  DEBUG     threatmap.env  [env] nikto            found: /usr/bin/nikto
00:04:04  DEBUG     threatmap.env  [env] gobuster         found: /usr/bin/gobuster
00:04:04  DEBUG     threatmap.env  [env] sslscan          found: /usr/bin/sslscan
00:04:04  DEBUG     threatmap.env  [env] whatweb          found: /usr/bin/whatweb
00:04:04  DEBUG     threatmap.env  [env] curl             found: /usr/bin/curl
00:04:04  DEBUG     threatmap.env  [env] whois            found: /usr/bin/whois
00:04:04  DEBUG     threatmap.env  [env] dig              found: /usr/bin/dig
00:04:04  DEBUG     threatmap.env  [env] subfinder        found: /home/nitin/go/bin/subfinder
00:04:04  DEBUG     threatmap.env  [env] httpx            found: /home/nitin/go/bin/httpx
00:04:04  DEBUG     threatmap.env  [env] assetfinder      found: /home/nitin/go/bin/assetfinder
00:04:04  DEBUG     threatmap.env  [env] nuclei           found: /home/nitin/go/bin/nuclei
00:04:04  DEBUG     threatmap.env  [env] wafw00f          found: /usr/bin/wafw00f
00:04:04  INFO      threatmap.env  [env] all required tools present
00:04:04  DEBUG     threatmap.runner  [subfinder] cmd: /home/nitin/go/bin/subfinder -d scanme.nmap.org -silent -o scans/scanme_nmap_org_20260423_000404/raw/subdomains.txt
00:04:36  DEBUG     threatmap.runner  [subfinder] done in 32.1s
00:04:36  DEBUG     threatmap.runner  [assetfinder] cmd: /home/nitin/go/bin/assetfinder --subs-only scanme.nmap.org
00:04:38  DEBUG     threatmap.runner  [assetfinder] done in 1.4s
00:04:38  INFO      threatmap.scanner  [discovery] 1 unique subdomains found
00:04:38  DEBUG     threatmap.runner  [httpx] cmd: /home/nitin/go/bin/httpx -l scans/scanme_nmap_org_20260423_000404/raw/subdomains_all.txt -silent -o scans/scanme_nmap_org_20260423_000404/raw/live_hosts.txt
00:04:52  DEBUG     threatmap.runner  [httpx] done in 14.2s
00:04:52  INFO      threatmap.scanner  [discovery] 0 live hosts after httpx
00:04:52  INFO      threatmap.scanner  [orchestrator] mode=balanced workers=4
00:04:52  INFO      threatmap.scanner  ━━━ scanning: https://scanme.nmap.org [balanced] ━━━
00:04:52  INFO      threatmap.runner  [pipeline:scanme.nmap.org] starting 7 steps
00:04:52  INFO      threatmap.runner  [pipeline:scanme.nmap.org] → whois
00:04:52  DEBUG     threatmap.runner  [whois] cmd: /usr/bin/whois scanme.nmap.org
00:04:53  DEBUG     threatmap.runner  [whois] done in 1.1s
00:04:53  INFO      threatmap.runner  [pipeline:scanme.nmap.org] whois OK (1.1s)
00:04:53  INFO      threatmap.runner  [pipeline:scanme.nmap.org] → dig
00:04:53  DEBUG     threatmap.runner  [dig:A] cmd: /usr/bin/dig scanme.nmap.org A +short
00:04:53  DEBUG     threatmap.runner  [dig:A] done in 0.2s
00:04:53  DEBUG     threatmap.runner  [dig:AAAA] cmd: /usr/bin/dig scanme.nmap.org AAAA +short
00:04:54  DEBUG     threatmap.runner  [dig:AAAA] done in 0.3s
00:04:54  DEBUG     threatmap.runner  [dig:MX] cmd: /usr/bin/dig scanme.nmap.org MX +short
00:04:54  DEBUG     threatmap.runner  [dig:MX] done in 0.4s
00:04:54  DEBUG     threatmap.runner  [dig:NS] cmd: /usr/bin/dig scanme.nmap.org NS +short
00:04:54  DEBUG     threatmap.runner  [dig:NS] done in 0.3s
00:04:54  DEBUG     threatmap.runner  [dig:TXT] cmd: /usr/bin/dig scanme.nmap.org TXT +short
00:04:55  DEBUG     threatmap.runner  [dig:TXT] done in 0.4s
00:04:55  DEBUG     threatmap.runner  [dig:SOA] cmd: /usr/bin/dig scanme.nmap.org SOA +short
00:05:00  DEBUG     threatmap.runner  [dig:SOA] done in 5.0s
00:05:00  INFO      threatmap.runner  [pipeline:scanme.nmap.org] dig OK (0.0s)
00:05:00  INFO      threatmap.runner  [pipeline:scanme.nmap.org] → whatweb
00:05:01  DEBUG     threatmap.runner  [whatweb] cmd: /usr/bin/whatweb -v --user-agent Mozilla/5.0 (X11; Linux x86_64) AppleWebKit/537.36 (KHTML, like Gecko) Chrome/123.0.0.0 Safari/537.36 --log-json=scans/scanme_nmap_org_20260423_000404/raw/whatweb_scanme.nmap.org.json https://scanme.nmap.org
00:05:07  DEBUG     threatmap.runner  [whatweb] done in 6.4s
00:05:07  INFO      threatmap.runner  [pipeline:scanme.nmap.org] whatweb OK (6.4s)
00:05:07  INFO      threatmap.runner  [pipeline:scanme.nmap.org] → wafw00f
00:05:08  DEBUG     threatmap.runner  [wafw00f] cmd: /usr/bin/wafw00f -a https://scanme.nmap.org
00:05:10  DEBUG     threatmap.runner  [wafw00f] done in 1.1s
00:05:10  INFO      threatmap.runner  [pipeline:scanme.nmap.org] wafw00f OK (1.1s)
00:05:10  INFO      threatmap.runner  [pipeline:scanme.nmap.org] → nmap
00:05:11  DEBUG     threatmap.runner  [nmap] cmd: nmap -sV -sC -Pn --top-ports 1000 -T4 --max-retries 1 -oX scans/scanme_nmap_org_20260423_000404/raw/nmap_scanme.nmap.org.xml scanme.nmap.org
00:05:31  DEBUG     threatmap.runner  [nmap] done in 20.5s
00:05:31  DEBUG     threatmap.scanner  [nmap:parse] 1 open ports from scans/scanme_nmap_org_20260423_000404/raw/nmap_scanme.nmap.org.xml
00:05:31  INFO      threatmap.runner  [pipeline:scanme.nmap.org] nmap OK (20.5s)
00:05:31  INFO      threatmap.runner  [pipeline:scanme.nmap.org] → web_tools
00:05:31  INFO      threatmap.runner  [pipeline:scanme.nmap.org:web] starting 4 steps
00:05:31  INFO      threatmap.runner  [pipeline:scanme.nmap.org:web] → nikto
00:05:32  DEBUG     threatmap.runner  [nikto] cmd: nikto -h https://scanme.nmap.org -useragent Mozilla/5.0 (X11; Linux x86_64) AppleWebKit/537.36 (KHTML, like Gecko) Chrome/123.0.0.0 Safari/537.36 -output scans/scanme_nmap_org_20260423_000404/raw/nikto_scanme.nmap.org.txt -maxtime 3m -nointeractive
00:05:42  DEBUG     threatmap.runner  [nikto] done in 10.5s
00:05:42  INFO      threatmap.runner  [pipeline:scanme.nmap.org:web] nikto OK (10.5s)
00:05:42  INFO      threatmap.runner  [pipeline:scanme.nmap.org:web] → curl
00:05:42  DEBUG     threatmap.runner  [curl] cmd: curl -s -I -L --max-redirs 5 -A Mozilla/5.0 (X11; Linux x86_64) AppleWebKit/537.36 (KHTML, like Gecko) Chrome/123.0.0.0 Safari/537.36 --connect-timeout 8 --max-time 15 https://scanme.nmap.org
00:05:50  WARNING   threatmap.runner  [curl] exited 28 in 8.0s
00:05:50  WARNING   threatmap.runner  [pipeline:scanme.nmap.org:web] curl failed — continuing
00:05:50  INFO      threatmap.runner  [pipeline:scanme.nmap.org:web] → gobuster
00:05:51  DEBUG     threatmap.runner  [gobuster] cmd: gobuster dir -u https://scanme.nmap.org -w /usr/share/seclists/Discovery/Web-Content/common.txt -a Mozilla/5.0 (Windows NT 10.0; Win64; x64) AppleWebKit/537.36 (KHTML, like Gecko) Chrome/124.0.0.0 Safari/537.36 -o scans/scanme_nmap_org_20260423_000404/raw/gobuster_scanme.nmap.org.txt -b 404,301,302 -t 50 --timeout 8s -q
00:05:52  WARNING   threatmap.runner  [gobuster] exited 1 in 0.5s
00:05:52  WARNING   threatmap.runner  [pipeline:scanme.nmap.org:web] gobuster failed — continuing
00:05:52  INFO      threatmap.runner  [pipeline:scanme.nmap.org:web] → sslscan
00:05:52  DEBUG     threatmap.runner  [sslscan] cmd: sslscan --no-colour scanme.nmap.org
00:05:52  DEBUG     threatmap.runner  [sslscan] done in 0.4s
00:05:52  INFO      threatmap.runner  [pipeline:scanme.nmap.org:web] sslscan OK (0.4s)
00:05:52  INFO      threatmap.runner  [pipeline:scanme.nmap.org:web] done — ok:2 failed:2 timeout:0
00:05:52  INFO      threatmap.runner  [pipeline:scanme.nmap.org] web_tools OK (0.0s)
00:05:52  INFO      threatmap.runner  [pipeline:scanme.nmap.org] → nuclei
00:05:52  DEBUG     threatmap.runner  [nuclei] cmd: /home/nitin/go/bin/nuclei -u https://scanme.nmap.org -o scans/scanme_nmap_org_20260423_000404/raw/nuclei_scanme.nmap.org.txt -silent -severity critical,high,medium -tags cve,exposure,misconfig,default-login,takeover -timeout 8 -rate-limit 80 -bulk-size 20 -c 20
00:06:02  DEBUG     threatmap.runner  [nuclei] done in 9.7s
00:06:02  INFO      threatmap.runner  [pipeline:scanme.nmap.org] nuclei OK (9.7s)
00:06:02  INFO      threatmap.runner  [pipeline:scanme.nmap.org] done — ok:7 failed:0 timeout:0
00:06:02  INFO      threatmap.scanner  ━━━ done: https://scanme.nmap.org  ports=['22'] ━━━
